mode: set
git.sr.ht/~jamesponddotco/acopw-go/diceware.go:52.47,53.18 1 1
git.sr.ht/~jamesponddotco/acopw-go/diceware.go:53.18,55.3 1 1
git.sr.ht/~jamesponddotco/acopw-go/diceware.go:57.2,59.23 2 1
git.sr.ht/~jamesponddotco/acopw-go/diceware.go:59.23,61.17 2 1
git.sr.ht/~jamesponddotco/acopw-go/diceware.go:61.17,63.4 1 1
git.sr.ht/~jamesponddotco/acopw-go/diceware.go:66.2,68.18 2 1
git.sr.ht/~jamesponddotco/acopw-go/diceware.go:68.18,70.17 2 1
git.sr.ht/~jamesponddotco/acopw-go/diceware.go:70.17,72.4 1 1
git.sr.ht/~jamesponddotco/acopw-go/diceware.go:75.2,77.32 2 1
git.sr.ht/~jamesponddotco/acopw-go/diceware.go:77.32,79.17 2 1
git.sr.ht/~jamesponddotco/acopw-go/diceware.go:79.17,81.4 1 1
git.sr.ht/~jamesponddotco/acopw-go/diceware.go:83.3,83.27 1 1
git.sr.ht/~jamesponddotco/acopw-go/diceware.go:83.27,85.4 1 1
git.sr.ht/~jamesponddotco/acopw-go/diceware.go:87.3,87.33 1 1
git.sr.ht/~jamesponddotco/acopw-go/diceware.go:90.2,90.63 1 1
git.sr.ht/~jamesponddotco/acopw-go/diceware.go:94.39,95.19 1 1
git.sr.ht/~jamesponddotco/acopw-go/diceware.go:95.19,97.3 1 1
git.sr.ht/~jamesponddotco/acopw-go/diceware.go:99.2,99.20 1 1
git.sr.ht/~jamesponddotco/acopw-go/pin.go:25.33,26.18 1 1
git.sr.ht/~jamesponddotco/acopw-go/pin.go:26.18,28.3 1 1
git.sr.ht/~jamesponddotco/acopw-go/pin.go:30.2,39.16 3 1
git.sr.ht/~jamesponddotco/acopw-go/pin.go:39.16,41.3 1 1
git.sr.ht/~jamesponddotco/acopw-go/pin.go:43.2,43.32 1 1
git.sr.ht/~jamesponddotco/acopw-go/pin.go:43.32,45.19 2 1
git.sr.ht/~jamesponddotco/acopw-go/pin.go:45.19,46.12 1 0
git.sr.ht/~jamesponddotco/acopw-go/pin.go:49.3,49.40 1 1
git.sr.ht/~jamesponddotco/acopw-go/pin.go:52.2,52.35 1 1
git.sr.ht/~jamesponddotco/acopw-go/pin.go:56.34,57.19 1 1
git.sr.ht/~jamesponddotco/acopw-go/pin.go:57.19,59.3 1 1
git.sr.ht/~jamesponddotco/acopw-go/pin.go:61.2,61.20 1 1
git.sr.ht/~jamesponddotco/acopw-go/random.go:48.36,49.18 1 1
git.sr.ht/~jamesponddotco/acopw-go/random.go:49.18,51.3 1 1
git.sr.ht/~jamesponddotco/acopw-go/random.go:53.2,53.66 1 1
git.sr.ht/~jamesponddotco/acopw-go/random.go:53.66,58.3 4 1
git.sr.ht/~jamesponddotco/acopw-go/random.go:60.2,69.16 3 1
git.sr.ht/~jamesponddotco/acopw-go/random.go:69.16,71.3 1 1
git.sr.ht/~jamesponddotco/acopw-go/random.go:73.2,73.32 1 1
git.sr.ht/~jamesponddotco/acopw-go/random.go:73.32,75.19 2 1
git.sr.ht/~jamesponddotco/acopw-go/random.go:75.19,76.12 1 1
git.sr.ht/~jamesponddotco/acopw-go/random.go:79.3,79.45 1 1
git.sr.ht/~jamesponddotco/acopw-go/random.go:82.2,82.40 1 1
git.sr.ht/~jamesponddotco/acopw-go/random.go:86.35,87.19 1 1
git.sr.ht/~jamesponddotco/acopw-go/random.go:87.19,90.17 2 1
git.sr.ht/~jamesponddotco/acopw-go/random.go:90.17,92.4 1 1
git.sr.ht/~jamesponddotco/acopw-go/random.go:94.3,94.17 1 1
git.sr.ht/~jamesponddotco/acopw-go/random.go:94.17,96.4 1 1
git.sr.ht/~jamesponddotco/acopw-go/random.go:98.3,98.19 1 1
git.sr.ht/~jamesponddotco/acopw-go/random.go:98.19,100.4 1 1
git.sr.ht/~jamesponddotco/acopw-go/random.go:102.3,102.19 1 1
git.sr.ht/~jamesponddotco/acopw-go/random.go:102.19,104.4 1 1
git.sr.ht/~jamesponddotco/acopw-go/random.go:106.3,106.33 1 1
git.sr.ht/~jamesponddotco/acopw-go/random.go:106.33,107.47 1 1
git.sr.ht/~jamesponddotco/acopw-go/random.go:107.47,109.5 1 1
git.sr.ht/~jamesponddotco/acopw-go/random.go:112.3,112.22 1 1
git.sr.ht/~jamesponddotco/acopw-go/random.go:115.2,115.18 1 1
git.sr.ht/~jamesponddotco/acopw-go/random.go:119.37,120.19 1 1
git.sr.ht/~jamesponddotco/acopw-go/random.go:120.19,122.3 1 1
git.sr.ht/~jamesponddotco/acopw-go/random.go:124.2,124.20 1 1
git.sr.ht/~jamesponddotco/acopw-go/uuid.go:34.43,35.63 1 1
git.sr.ht/~jamesponddotco/acopw-go/uuid.go:35.63,37.3 1 1
git.sr.ht/~jamesponddotco/acopw-go/uuid.go:39.2,44.26 4 1
git.sr.ht/~jamesponddotco/acopw-go/uuid.go:44.26,45.44 1 1
git.sr.ht/~jamesponddotco/acopw-go/uuid.go:45.44,47.4 1 1
git.sr.ht/~jamesponddotco/acopw-go/uuid.go:49.3,49.76 1 1
git.sr.ht/~jamesponddotco/acopw-go/uuid.go:52.2,52.40 1 1
git.sr.ht/~jamesponddotco/acopw-go/uuid.go:56.35,57.19 1 1
git.sr.ht/~jamesponddotco/acopw-go/uuid.go:57.19,59.3 1 1
git.sr.ht/~jamesponddotco/acopw-go/uuid.go:61.2,61.20 1 1
