mode: set
git.sr.ht/~jamesponddotco/acopw-go/diceware.go:44.38,45.21 1 1
git.sr.ht/~jamesponddotco/acopw-go/diceware.go:45.21,48.62 2 1
git.sr.ht/~jamesponddotco/acopw-go/diceware.go:48.62,49.14 1 1
git.sr.ht/~jamesponddotco/acopw-go/diceware.go:52.3,52.47 1 1
git.sr.ht/~jamesponddotco/acopw-go/diceware.go:55.2,55.18 1 1
git.sr.ht/~jamesponddotco/acopw-go/diceware.go:55.18,57.3 1 1
git.sr.ht/~jamesponddotco/acopw-go/diceware.go:59.2,64.24 2 1
git.sr.ht/~jamesponddotco/acopw-go/diceware.go:64.24,66.3 1 1
git.sr.ht/~jamesponddotco/acopw-go/diceware.go:68.2,68.23 1 1
git.sr.ht/~jamesponddotco/acopw-go/diceware.go:68.23,72.3 2 1
git.sr.ht/~jamesponddotco/acopw-go/diceware.go:74.2,76.18 2 1
git.sr.ht/~jamesponddotco/acopw-go/diceware.go:76.18,78.3 1 1
git.sr.ht/~jamesponddotco/acopw-go/diceware.go:80.2,82.32 2 1
git.sr.ht/~jamesponddotco/acopw-go/diceware.go:82.32,88.27 2 1
git.sr.ht/~jamesponddotco/acopw-go/diceware.go:88.27,90.4 1 1
git.sr.ht/~jamesponddotco/acopw-go/diceware.go:92.3,92.30 1 1
git.sr.ht/~jamesponddotco/acopw-go/diceware.go:95.2,95.58 1 1
git.sr.ht/~jamesponddotco/acopw-go/pin.go:25.33,26.18 1 1
git.sr.ht/~jamesponddotco/acopw-go/pin.go:26.18,28.3 1 1
git.sr.ht/~jamesponddotco/acopw-go/pin.go:30.2,38.60 2 1
git.sr.ht/~jamesponddotco/acopw-go/pin.go:38.60,39.13 1 1
git.sr.ht/~jamesponddotco/acopw-go/pin.go:42.2,42.32 1 1
git.sr.ht/~jamesponddotco/acopw-go/pin.go:42.32,44.19 2 1
git.sr.ht/~jamesponddotco/acopw-go/pin.go:44.19,45.69 1 1
git.sr.ht/~jamesponddotco/acopw-go/pin.go:45.69,46.15 1 0
git.sr.ht/~jamesponddotco/acopw-go/pin.go:49.4,49.22 1 1
git.sr.ht/~jamesponddotco/acopw-go/pin.go:52.3,52.40 1 1
git.sr.ht/~jamesponddotco/acopw-go/pin.go:55.2,55.35 1 1
git.sr.ht/~jamesponddotco/acopw-go/random.go:48.36,49.18 1 1
git.sr.ht/~jamesponddotco/acopw-go/random.go:49.18,51.3 1 1
git.sr.ht/~jamesponddotco/acopw-go/random.go:53.2,53.66 1 1
git.sr.ht/~jamesponddotco/acopw-go/random.go:53.66,58.3 4 1
git.sr.ht/~jamesponddotco/acopw-go/random.go:60.2,61.19 2 1
git.sr.ht/~jamesponddotco/acopw-go/random.go:61.19,62.27 1 1
git.sr.ht/~jamesponddotco/acopw-go/random.go:65.2,72.60 2 1
git.sr.ht/~jamesponddotco/acopw-go/random.go:72.60,73.13 1 1
git.sr.ht/~jamesponddotco/acopw-go/random.go:76.2,76.32 1 1
git.sr.ht/~jamesponddotco/acopw-go/random.go:76.32,79.20 2 1
git.sr.ht/~jamesponddotco/acopw-go/random.go:79.20,80.69 1 1
git.sr.ht/~jamesponddotco/acopw-go/random.go:80.69,81.15 1 0
git.sr.ht/~jamesponddotco/acopw-go/random.go:84.4,84.22 1 1
git.sr.ht/~jamesponddotco/acopw-go/random.go:87.3,87.45 1 1
git.sr.ht/~jamesponddotco/acopw-go/random.go:90.2,90.40 1 1
git.sr.ht/~jamesponddotco/acopw-go/random.go:94.35,95.19 1 1
git.sr.ht/~jamesponddotco/acopw-go/random.go:95.19,98.17 2 1
git.sr.ht/~jamesponddotco/acopw-go/random.go:98.17,100.4 1 1
git.sr.ht/~jamesponddotco/acopw-go/random.go:102.3,102.17 1 1
git.sr.ht/~jamesponddotco/acopw-go/random.go:102.17,104.4 1 1
git.sr.ht/~jamesponddotco/acopw-go/random.go:106.3,106.19 1 1
git.sr.ht/~jamesponddotco/acopw-go/random.go:106.19,108.4 1 1
git.sr.ht/~jamesponddotco/acopw-go/random.go:110.3,110.19 1 1
git.sr.ht/~jamesponddotco/acopw-go/random.go:110.19,112.4 1 1
git.sr.ht/~jamesponddotco/acopw-go/random.go:114.3,114.33 1 1
git.sr.ht/~jamesponddotco/acopw-go/random.go:114.33,115.47 1 1
git.sr.ht/~jamesponddotco/acopw-go/random.go:115.47,117.5 1 1
git.sr.ht/~jamesponddotco/acopw-go/random.go:120.3,120.22 1 1
git.sr.ht/~jamesponddotco/acopw-go/random.go:123.2,123.18 1 1
git.sr.ht/~jamesponddotco/acopw-go/uuid.go:29.34,30.64 1 1
git.sr.ht/~jamesponddotco/acopw-go/uuid.go:30.64,31.13 1 1
git.sr.ht/~jamesponddotco/acopw-go/uuid.go:34.2,39.26 4 1
git.sr.ht/~jamesponddotco/acopw-go/uuid.go:39.26,40.44 1 1
git.sr.ht/~jamesponddotco/acopw-go/uuid.go:40.44,42.4 1 1
git.sr.ht/~jamesponddotco/acopw-go/uuid.go:44.3,44.76 1 1
git.sr.ht/~jamesponddotco/acopw-go/uuid.go:47.2,47.35 1 1
