mode: set
git.sr.ht/~jamesponddotco/acopw-go/diceware.go:52.47,53.18 1 1
git.sr.ht/~jamesponddotco/acopw-go/diceware.go:53.18,55.3 1 1
git.sr.ht/~jamesponddotco/acopw-go/diceware.go:57.2,59.23 2 1
git.sr.ht/~jamesponddotco/acopw-go/diceware.go:59.23,61.17 2 1
git.sr.ht/~jamesponddotco/acopw-go/diceware.go:61.17,63.4 1 1
git.sr.ht/~jamesponddotco/acopw-go/diceware.go:66.2,68.18 2 1
git.sr.ht/~jamesponddotco/acopw-go/diceware.go:68.18,70.17 2 1
git.sr.ht/~jamesponddotco/acopw-go/diceware.go:70.17,72.4 1 1
git.sr.ht/~jamesponddotco/acopw-go/diceware.go:75.2,77.32 2 1
git.sr.ht/~jamesponddotco/acopw-go/diceware.go:77.32,79.17 2 1
git.sr.ht/~jamesponddotco/acopw-go/diceware.go:79.17,81.4 1 1
git.sr.ht/~jamesponddotco/acopw-go/diceware.go:83.3,83.27 1 1
git.sr.ht/~jamesponddotco/acopw-go/diceware.go:83.27,85.4 1 1
git.sr.ht/~jamesponddotco/acopw-go/diceware.go:87.3,87.33 1 1
git.sr.ht/~jamesponddotco/acopw-go/diceware.go:90.2,90.63 1 1
git.sr.ht/~jamesponddotco/acopw-go/diceware.go:94.39,95.19 1 1
git.sr.ht/~jamesponddotco/acopw-go/diceware.go:95.19,97.3 1 1
git.sr.ht/~jamesponddotco/acopw-go/diceware.go:99.2,99.20 1 1
git.sr.ht/~jamesponddotco/acopw-go/pin.go:29.42,30.18 1 1
git.sr.ht/~jamesponddotco/acopw-go/pin.go:30.18,32.3 1 1
git.sr.ht/~jamesponddotco/acopw-go/pin.go:34.2,43.16 3 1
git.sr.ht/~jamesponddotco/acopw-go/pin.go:43.16,45.3 1 1
git.sr.ht/~jamesponddotco/acopw-go/pin.go:47.2,47.32 1 1
git.sr.ht/~jamesponddotco/acopw-go/pin.go:47.32,49.19 2 1
git.sr.ht/~jamesponddotco/acopw-go/pin.go:49.19,50.12 1 1
git.sr.ht/~jamesponddotco/acopw-go/pin.go:53.3,53.40 1 1
git.sr.ht/~jamesponddotco/acopw-go/pin.go:56.2,56.40 1 1
git.sr.ht/~jamesponddotco/acopw-go/pin.go:60.34,61.19 1 1
git.sr.ht/~jamesponddotco/acopw-go/pin.go:61.19,63.3 1 1
git.sr.ht/~jamesponddotco/acopw-go/pin.go:65.2,65.20 1 1
git.sr.ht/~jamesponddotco/acopw-go/random.go:57.45,58.18 1 1
git.sr.ht/~jamesponddotco/acopw-go/random.go:58.18,60.3 1 1
git.sr.ht/~jamesponddotco/acopw-go/random.go:62.2,62.66 1 1
git.sr.ht/~jamesponddotco/acopw-go/random.go:62.66,67.3 4 1
git.sr.ht/~jamesponddotco/acopw-go/random.go:69.2,70.19 2 1
git.sr.ht/~jamesponddotco/acopw-go/random.go:70.19,72.3 1 1
git.sr.ht/~jamesponddotco/acopw-go/random.go:74.2,82.16 3 1
git.sr.ht/~jamesponddotco/acopw-go/random.go:82.16,84.3 1 1
git.sr.ht/~jamesponddotco/acopw-go/random.go:86.2,86.32 1 1
git.sr.ht/~jamesponddotco/acopw-go/random.go:86.32,88.19 2 1
git.sr.ht/~jamesponddotco/acopw-go/random.go:88.19,89.12 1 1
git.sr.ht/~jamesponddotco/acopw-go/random.go:92.3,92.45 1 1
git.sr.ht/~jamesponddotco/acopw-go/random.go:95.2,95.45 1 1
git.sr.ht/~jamesponddotco/acopw-go/random.go:99.35,100.19 1 1
git.sr.ht/~jamesponddotco/acopw-go/random.go:100.19,103.17 2 1
git.sr.ht/~jamesponddotco/acopw-go/random.go:103.17,105.4 1 1
git.sr.ht/~jamesponddotco/acopw-go/random.go:107.3,107.17 1 1
git.sr.ht/~jamesponddotco/acopw-go/random.go:107.17,109.4 1 1
git.sr.ht/~jamesponddotco/acopw-go/random.go:111.3,111.19 1 1
git.sr.ht/~jamesponddotco/acopw-go/random.go:111.19,113.4 1 1
git.sr.ht/~jamesponddotco/acopw-go/random.go:115.3,115.19 1 1
git.sr.ht/~jamesponddotco/acopw-go/random.go:115.19,117.4 1 1
git.sr.ht/~jamesponddotco/acopw-go/random.go:119.3,119.33 1 1
git.sr.ht/~jamesponddotco/acopw-go/random.go:119.33,120.47 1 1
git.sr.ht/~jamesponddotco/acopw-go/random.go:120.47,122.5 1 1
git.sr.ht/~jamesponddotco/acopw-go/random.go:125.3,125.22 1 1
git.sr.ht/~jamesponddotco/acopw-go/random.go:128.2,128.18 1 1
git.sr.ht/~jamesponddotco/acopw-go/random.go:132.37,133.19 1 1
git.sr.ht/~jamesponddotco/acopw-go/random.go:133.19,135.3 1 1
git.sr.ht/~jamesponddotco/acopw-go/random.go:137.2,137.20 1 1
git.sr.ht/~jamesponddotco/acopw-go/uuid.go:34.43,35.63 1 1
git.sr.ht/~jamesponddotco/acopw-go/uuid.go:35.63,37.3 1 1
git.sr.ht/~jamesponddotco/acopw-go/uuid.go:39.2,44.26 4 1
git.sr.ht/~jamesponddotco/acopw-go/uuid.go:44.26,45.44 1 1
git.sr.ht/~jamesponddotco/acopw-go/uuid.go:45.44,47.4 1 1
git.sr.ht/~jamesponddotco/acopw-go/uuid.go:49.3,49.76 1 1
git.sr.ht/~jamesponddotco/acopw-go/uuid.go:52.2,52.40 1 1
git.sr.ht/~jamesponddotco/acopw-go/uuid.go:56.35,57.19 1 1
git.sr.ht/~jamesponddotco/acopw-go/uuid.go:57.19,59.3 1 1
git.sr.ht/~jamesponddotco/acopw-go/uuid.go:61.2,61.20 1 1
