mode: set
git.sr.ht/~jamesponddotco/acopw-go/diceware.go:45.38,46.21 1 1
git.sr.ht/~jamesponddotco/acopw-go/diceware.go:46.21,49.62 2 1
git.sr.ht/~jamesponddotco/acopw-go/diceware.go:49.62,50.14 1 1
git.sr.ht/~jamesponddotco/acopw-go/diceware.go:53.3,53.47 1 1
git.sr.ht/~jamesponddotco/acopw-go/diceware.go:56.2,56.18 1 1
git.sr.ht/~jamesponddotco/acopw-go/diceware.go:56.18,58.3 1 1
git.sr.ht/~jamesponddotco/acopw-go/diceware.go:60.2,65.24 2 1
git.sr.ht/~jamesponddotco/acopw-go/diceware.go:65.24,67.3 1 1
git.sr.ht/~jamesponddotco/acopw-go/diceware.go:69.2,69.23 1 1
git.sr.ht/~jamesponddotco/acopw-go/diceware.go:69.23,73.3 2 1
git.sr.ht/~jamesponddotco/acopw-go/diceware.go:75.2,77.18 2 1
git.sr.ht/~jamesponddotco/acopw-go/diceware.go:77.18,79.3 1 1
git.sr.ht/~jamesponddotco/acopw-go/diceware.go:81.2,83.26 2 1
git.sr.ht/~jamesponddotco/acopw-go/diceware.go:83.26,87.27 3 1
git.sr.ht/~jamesponddotco/acopw-go/diceware.go:87.27,89.4 1 1
git.sr.ht/~jamesponddotco/acopw-go/diceware.go:91.3,91.30 1 1
git.sr.ht/~jamesponddotco/acopw-go/diceware.go:94.2,94.41 1 1
git.sr.ht/~jamesponddotco/acopw-go/pin.go:26.33,27.21 1 1
git.sr.ht/~jamesponddotco/acopw-go/pin.go:27.21,30.62 2 1
git.sr.ht/~jamesponddotco/acopw-go/pin.go:30.62,31.14 1 1
git.sr.ht/~jamesponddotco/acopw-go/pin.go:34.3,34.47 1 1
git.sr.ht/~jamesponddotco/acopw-go/pin.go:37.2,37.18 1 1
git.sr.ht/~jamesponddotco/acopw-go/pin.go:37.18,39.3 1 1
git.sr.ht/~jamesponddotco/acopw-go/pin.go:41.2,43.21 2 1
git.sr.ht/~jamesponddotco/acopw-go/pin.go:43.21,50.3 2 1
git.sr.ht/~jamesponddotco/acopw-go/pin.go:52.2,52.30 1 1
git.sr.ht/~jamesponddotco/acopw-go/random.go:42.36,43.21 1 1
git.sr.ht/~jamesponddotco/acopw-go/random.go:43.21,46.62 2 1
git.sr.ht/~jamesponddotco/acopw-go/random.go:46.62,47.14 1 1
git.sr.ht/~jamesponddotco/acopw-go/random.go:50.3,50.47 1 1
git.sr.ht/~jamesponddotco/acopw-go/random.go:53.2,53.18 1 1
git.sr.ht/~jamesponddotco/acopw-go/random.go:53.18,55.3 1 1
git.sr.ht/~jamesponddotco/acopw-go/random.go:57.2,57.66 1 1
git.sr.ht/~jamesponddotco/acopw-go/random.go:57.66,62.3 4 1
git.sr.ht/~jamesponddotco/acopw-go/random.go:64.2,66.23 2 1
git.sr.ht/~jamesponddotco/acopw-go/random.go:66.23,67.58 1 1
git.sr.ht/~jamesponddotco/acopw-go/random.go:70.2,72.21 2 1
git.sr.ht/~jamesponddotco/acopw-go/random.go:72.21,79.3 2 1
git.sr.ht/~jamesponddotco/acopw-go/random.go:81.2,81.35 1 1
git.sr.ht/~jamesponddotco/acopw-go/random.go:85.37,86.25 1 1
git.sr.ht/~jamesponddotco/acopw-go/random.go:86.25,89.17 2 1
git.sr.ht/~jamesponddotco/acopw-go/random.go:89.17,91.4 1 1
git.sr.ht/~jamesponddotco/acopw-go/random.go:93.3,93.17 1 1
git.sr.ht/~jamesponddotco/acopw-go/random.go:93.17,95.4 1 1
git.sr.ht/~jamesponddotco/acopw-go/random.go:97.3,97.19 1 1
git.sr.ht/~jamesponddotco/acopw-go/random.go:97.19,99.4 1 1
git.sr.ht/~jamesponddotco/acopw-go/random.go:101.3,101.19 1 1
git.sr.ht/~jamesponddotco/acopw-go/random.go:101.19,103.4 1 1
git.sr.ht/~jamesponddotco/acopw-go/random.go:105.3,105.33 1 1
git.sr.ht/~jamesponddotco/acopw-go/random.go:105.33,107.43 2 1
git.sr.ht/~jamesponddotco/acopw-go/random.go:107.43,109.5 1 1
git.sr.ht/~jamesponddotco/acopw-go/random.go:111.4,112.33 2 1
git.sr.ht/~jamesponddotco/acopw-go/random.go:112.33,113.29 1 1
git.sr.ht/~jamesponddotco/acopw-go/random.go:113.29,115.6 1 1
git.sr.ht/~jamesponddotco/acopw-go/random.go:118.4,118.29 1 1
git.sr.ht/~jamesponddotco/acopw-go/random.go:121.3,121.25 1 1
git.sr.ht/~jamesponddotco/acopw-go/random.go:124.2,124.21 1 1
