mode: set
git.sr.ht/~jamesponddotco/acopw-go/diceware.go:47.47,48.18 1 1
git.sr.ht/~jamesponddotco/acopw-go/diceware.go:48.18,50.3 1 1
git.sr.ht/~jamesponddotco/acopw-go/diceware.go:52.2,58.23 2 1
git.sr.ht/~jamesponddotco/acopw-go/diceware.go:58.23,60.17 2 1
git.sr.ht/~jamesponddotco/acopw-go/diceware.go:60.17,62.4 1 1
git.sr.ht/~jamesponddotco/acopw-go/diceware.go:64.3,64.35 1 1
git.sr.ht/~jamesponddotco/acopw-go/diceware.go:67.2,69.18 2 1
git.sr.ht/~jamesponddotco/acopw-go/diceware.go:69.18,71.17 2 1
git.sr.ht/~jamesponddotco/acopw-go/diceware.go:71.17,73.4 1 1
git.sr.ht/~jamesponddotco/acopw-go/diceware.go:76.2,78.32 2 1
git.sr.ht/~jamesponddotco/acopw-go/diceware.go:78.32,82.17 3 1
git.sr.ht/~jamesponddotco/acopw-go/diceware.go:82.17,84.4 1 1
git.sr.ht/~jamesponddotco/acopw-go/diceware.go:86.3,88.27 2 1
git.sr.ht/~jamesponddotco/acopw-go/diceware.go:88.27,90.4 1 1
git.sr.ht/~jamesponddotco/acopw-go/diceware.go:92.3,92.30 1 1
git.sr.ht/~jamesponddotco/acopw-go/diceware.go:95.2,95.63 1 1
git.sr.ht/~jamesponddotco/acopw-go/diceware.go:99.39,100.19 1 1
git.sr.ht/~jamesponddotco/acopw-go/diceware.go:100.19,102.3 1 1
git.sr.ht/~jamesponddotco/acopw-go/diceware.go:104.2,104.20 1 1
git.sr.ht/~jamesponddotco/acopw-go/pin.go:29.42,30.18 1 1
git.sr.ht/~jamesponddotco/acopw-go/pin.go:30.18,32.3 1 1
git.sr.ht/~jamesponddotco/acopw-go/pin.go:34.2,43.16 3 1
git.sr.ht/~jamesponddotco/acopw-go/pin.go:43.16,45.3 1 1
git.sr.ht/~jamesponddotco/acopw-go/pin.go:47.2,47.32 1 1
git.sr.ht/~jamesponddotco/acopw-go/pin.go:47.32,49.19 2 1
git.sr.ht/~jamesponddotco/acopw-go/pin.go:49.19,50.12 1 1
git.sr.ht/~jamesponddotco/acopw-go/pin.go:53.3,53.40 1 1
git.sr.ht/~jamesponddotco/acopw-go/pin.go:56.2,56.40 1 1
git.sr.ht/~jamesponddotco/acopw-go/pin.go:60.34,61.19 1 1
git.sr.ht/~jamesponddotco/acopw-go/pin.go:61.19,63.3 1 1
git.sr.ht/~jamesponddotco/acopw-go/pin.go:65.2,65.20 1 1
git.sr.ht/~jamesponddotco/acopw-go/random.go:57.45,58.18 1 1
git.sr.ht/~jamesponddotco/acopw-go/random.go:58.18,60.3 1 1
git.sr.ht/~jamesponddotco/acopw-go/random.go:62.2,62.66 1 1
git.sr.ht/~jamesponddotco/acopw-go/random.go:62.66,67.3 4 1
git.sr.ht/~jamesponddotco/acopw-go/random.go:69.2,70.19 2 1
git.sr.ht/~jamesponddotco/acopw-go/random.go:70.19,72.3 1 1
git.sr.ht/~jamesponddotco/acopw-go/random.go:74.2,82.16 3 1
git.sr.ht/~jamesponddotco/acopw-go/random.go:82.16,84.3 1 1
git.sr.ht/~jamesponddotco/acopw-go/random.go:86.2,86.32 1 1
git.sr.ht/~jamesponddotco/acopw-go/random.go:86.32,88.19 2 1
git.sr.ht/~jamesponddotco/acopw-go/random.go:88.19,89.12 1 1
git.sr.ht/~jamesponddotco/acopw-go/random.go:92.3,92.45 1 1
git.sr.ht/~jamesponddotco/acopw-go/random.go:95.2,95.45 1 1
git.sr.ht/~jamesponddotco/acopw-go/random.go:99.35,100.19 1 1
git.sr.ht/~jamesponddotco/acopw-go/random.go:100.19,103.17 2 1
git.sr.ht/~jamesponddotco/acopw-go/random.go:103.17,105.4 1 1
git.sr.ht/~jamesponddotco/acopw-go/random.go:107.3,107.17 1 1
git.sr.ht/~jamesponddotco/acopw-go/random.go:107.17,109.4 1 1
git.sr.ht/~jamesponddotco/acopw-go/random.go:111.3,111.19 1 1
git.sr.ht/~jamesponddotco/acopw-go/random.go:111.19,113.4 1 1
git.sr.ht/~jamesponddotco/acopw-go/random.go:115.3,115.19 1 1
git.sr.ht/~jamesponddotco/acopw-go/random.go:115.19,117.4 1 1
git.sr.ht/~jamesponddotco/acopw-go/random.go:119.3,119.33 1 1
git.sr.ht/~jamesponddotco/acopw-go/random.go:119.33,120.47 1 1
git.sr.ht/~jamesponddotco/acopw-go/random.go:120.47,122.5 1 1
git.sr.ht/~jamesponddotco/acopw-go/random.go:125.3,125.22 1 1
git.sr.ht/~jamesponddotco/acopw-go/random.go:128.2,128.18 1 1
git.sr.ht/~jamesponddotco/acopw-go/random.go:132.37,133.19 1 1
git.sr.ht/~jamesponddotco/acopw-go/random.go:133.19,135.3 1 1
git.sr.ht/~jamesponddotco/acopw-go/random.go:137.2,137.20 1 1
git.sr.ht/~jamesponddotco/acopw-go/uuid.go:34.43,35.63 1 1
git.sr.ht/~jamesponddotco/acopw-go/uuid.go:35.63,37.3 1 1
git.sr.ht/~jamesponddotco/acopw-go/uuid.go:39.2,44.26 4 1
git.sr.ht/~jamesponddotco/acopw-go/uuid.go:44.26,45.44 1 1
git.sr.ht/~jamesponddotco/acopw-go/uuid.go:45.44,47.4 1 1
git.sr.ht/~jamesponddotco/acopw-go/uuid.go:49.3,49.76 1 1
git.sr.ht/~jamesponddotco/acopw-go/uuid.go:52.2,52.40 1 1
git.sr.ht/~jamesponddotco/acopw-go/uuid.go:56.35,57.19 1 1
git.sr.ht/~jamesponddotco/acopw-go/uuid.go:57.19,59.3 1 1
git.sr.ht/~jamesponddotco/acopw-go/uuid.go:61.2,61.20 1 1
