mode: set
git.sr.ht/~jamesponddotco/acopw-go/diceware.go:52.47,53.18 1 1
git.sr.ht/~jamesponddotco/acopw-go/diceware.go:53.18,55.3 1 1
git.sr.ht/~jamesponddotco/acopw-go/diceware.go:57.2,59.23 2 1
git.sr.ht/~jamesponddotco/acopw-go/diceware.go:59.23,61.17 2 1
git.sr.ht/~jamesponddotco/acopw-go/diceware.go:61.17,63.4 1 1
git.sr.ht/~jamesponddotco/acopw-go/diceware.go:66.2,68.18 2 1
git.sr.ht/~jamesponddotco/acopw-go/diceware.go:68.18,70.17 2 1
git.sr.ht/~jamesponddotco/acopw-go/diceware.go:70.17,72.4 1 1
git.sr.ht/~jamesponddotco/acopw-go/diceware.go:75.2,77.32 2 1
git.sr.ht/~jamesponddotco/acopw-go/diceware.go:77.32,79.17 2 1
git.sr.ht/~jamesponddotco/acopw-go/diceware.go:79.17,81.4 1 1
git.sr.ht/~jamesponddotco/acopw-go/diceware.go:83.3,83.27 1 1
git.sr.ht/~jamesponddotco/acopw-go/diceware.go:83.27,85.4 1 1
git.sr.ht/~jamesponddotco/acopw-go/diceware.go:87.3,87.33 1 1
git.sr.ht/~jamesponddotco/acopw-go/diceware.go:90.2,90.63 1 1
git.sr.ht/~jamesponddotco/acopw-go/diceware.go:94.39,95.19 1 1
git.sr.ht/~jamesponddotco/acopw-go/diceware.go:95.19,97.3 1 1
git.sr.ht/~jamesponddotco/acopw-go/diceware.go:99.2,99.20 1 1
git.sr.ht/~jamesponddotco/acopw-go/pin.go:31.33,32.18 1 1
git.sr.ht/~jamesponddotco/acopw-go/pin.go:32.18,34.3 1 1
git.sr.ht/~jamesponddotco/acopw-go/pin.go:36.2,43.61 2 1
git.sr.ht/~jamesponddotco/acopw-go/pin.go:43.61,44.24 1 1
git.sr.ht/~jamesponddotco/acopw-go/pin.go:44.24,46.4 1 1
git.sr.ht/~jamesponddotco/acopw-go/pin.go:48.3,48.80 1 1
git.sr.ht/~jamesponddotco/acopw-go/pin.go:48.80,51.4 2 1
git.sr.ht/~jamesponddotco/acopw-go/pin.go:54.2,54.35 1 1
git.sr.ht/~jamesponddotco/acopw-go/pin.go:58.34,59.19 1 1
git.sr.ht/~jamesponddotco/acopw-go/pin.go:59.19,61.3 1 1
git.sr.ht/~jamesponddotco/acopw-go/pin.go:63.2,63.20 1 1
git.sr.ht/~jamesponddotco/acopw-go/random.go:54.36,55.18 1 1
git.sr.ht/~jamesponddotco/acopw-go/random.go:55.18,57.3 1 1
git.sr.ht/~jamesponddotco/acopw-go/random.go:59.2,59.66 1 1
git.sr.ht/~jamesponddotco/acopw-go/random.go:59.66,64.3 4 1
git.sr.ht/~jamesponddotco/acopw-go/random.go:66.2,73.61 2 1
git.sr.ht/~jamesponddotco/acopw-go/random.go:73.61,74.24 1 1
git.sr.ht/~jamesponddotco/acopw-go/random.go:74.24,76.4 1 1
git.sr.ht/~jamesponddotco/acopw-go/random.go:78.3,78.83 1 1
git.sr.ht/~jamesponddotco/acopw-go/random.go:78.83,81.4 2 1
git.sr.ht/~jamesponddotco/acopw-go/random.go:84.2,84.40 1 1
git.sr.ht/~jamesponddotco/acopw-go/random.go:88.35,89.19 1 1
git.sr.ht/~jamesponddotco/acopw-go/random.go:89.19,92.17 2 1
git.sr.ht/~jamesponddotco/acopw-go/random.go:92.17,94.4 1 1
git.sr.ht/~jamesponddotco/acopw-go/random.go:96.3,96.17 1 1
git.sr.ht/~jamesponddotco/acopw-go/random.go:96.17,98.4 1 1
git.sr.ht/~jamesponddotco/acopw-go/random.go:100.3,100.19 1 1
git.sr.ht/~jamesponddotco/acopw-go/random.go:100.19,102.4 1 1
git.sr.ht/~jamesponddotco/acopw-go/random.go:104.3,104.19 1 1
git.sr.ht/~jamesponddotco/acopw-go/random.go:104.19,106.4 1 1
git.sr.ht/~jamesponddotco/acopw-go/random.go:108.3,108.33 1 1
git.sr.ht/~jamesponddotco/acopw-go/random.go:108.33,109.47 1 1
git.sr.ht/~jamesponddotco/acopw-go/random.go:109.47,111.5 1 1
git.sr.ht/~jamesponddotco/acopw-go/random.go:114.3,114.22 1 1
git.sr.ht/~jamesponddotco/acopw-go/random.go:117.2,117.18 1 1
git.sr.ht/~jamesponddotco/acopw-go/random.go:121.37,122.19 1 1
git.sr.ht/~jamesponddotco/acopw-go/random.go:122.19,124.3 1 1
git.sr.ht/~jamesponddotco/acopw-go/random.go:126.2,126.20 1 1
git.sr.ht/~jamesponddotco/acopw-go/uuid.go:34.43,35.63 1 1
git.sr.ht/~jamesponddotco/acopw-go/uuid.go:35.63,37.3 1 1
git.sr.ht/~jamesponddotco/acopw-go/uuid.go:39.2,44.26 4 1
git.sr.ht/~jamesponddotco/acopw-go/uuid.go:44.26,45.44 1 1
git.sr.ht/~jamesponddotco/acopw-go/uuid.go:45.44,47.4 1 1
git.sr.ht/~jamesponddotco/acopw-go/uuid.go:49.3,49.76 1 1
git.sr.ht/~jamesponddotco/acopw-go/uuid.go:52.2,52.40 1 1
git.sr.ht/~jamesponddotco/acopw-go/uuid.go:56.35,57.19 1 1
git.sr.ht/~jamesponddotco/acopw-go/uuid.go:57.19,59.3 1 1
git.sr.ht/~jamesponddotco/acopw-go/uuid.go:61.2,61.20 1 1
