mode: set
git.sr.ht/~jamesponddotco/acopw-go/diceware.go:51.47,52.18 1 1
git.sr.ht/~jamesponddotco/acopw-go/diceware.go:52.18,54.3 1 1
git.sr.ht/~jamesponddotco/acopw-go/diceware.go:56.2,63.24 2 1
git.sr.ht/~jamesponddotco/acopw-go/diceware.go:63.24,65.3 1 1
git.sr.ht/~jamesponddotco/acopw-go/diceware.go:67.2,67.23 1 1
git.sr.ht/~jamesponddotco/acopw-go/diceware.go:67.23,69.17 2 1
git.sr.ht/~jamesponddotco/acopw-go/diceware.go:69.17,71.4 1 1
git.sr.ht/~jamesponddotco/acopw-go/diceware.go:73.3,73.35 1 1
git.sr.ht/~jamesponddotco/acopw-go/diceware.go:76.2,78.18 2 1
git.sr.ht/~jamesponddotco/acopw-go/diceware.go:78.18,80.17 2 1
git.sr.ht/~jamesponddotco/acopw-go/diceware.go:80.17,82.4 1 1
git.sr.ht/~jamesponddotco/acopw-go/diceware.go:85.2,87.32 2 1
git.sr.ht/~jamesponddotco/acopw-go/diceware.go:87.32,91.17 3 1
git.sr.ht/~jamesponddotco/acopw-go/diceware.go:91.17,93.4 1 1
git.sr.ht/~jamesponddotco/acopw-go/diceware.go:95.3,97.27 2 1
git.sr.ht/~jamesponddotco/acopw-go/diceware.go:97.27,99.4 1 1
git.sr.ht/~jamesponddotco/acopw-go/diceware.go:101.3,101.30 1 1
git.sr.ht/~jamesponddotco/acopw-go/diceware.go:104.2,104.63 1 1
git.sr.ht/~jamesponddotco/acopw-go/diceware.go:108.39,109.19 1 1
git.sr.ht/~jamesponddotco/acopw-go/diceware.go:109.19,111.3 1 1
git.sr.ht/~jamesponddotco/acopw-go/diceware.go:113.2,113.20 1 1
git.sr.ht/~jamesponddotco/acopw-go/pin.go:30.42,31.18 1 1
git.sr.ht/~jamesponddotco/acopw-go/pin.go:31.18,33.3 1 1
git.sr.ht/~jamesponddotco/acopw-go/pin.go:35.2,44.16 3 1
git.sr.ht/~jamesponddotco/acopw-go/pin.go:44.16,46.3 1 1
git.sr.ht/~jamesponddotco/acopw-go/pin.go:48.2,48.32 1 1
git.sr.ht/~jamesponddotco/acopw-go/pin.go:48.32,50.19 2 1
git.sr.ht/~jamesponddotco/acopw-go/pin.go:50.19,52.18 2 1
git.sr.ht/~jamesponddotco/acopw-go/pin.go:52.18,54.5 1 1
git.sr.ht/~jamesponddotco/acopw-go/pin.go:56.4,56.22 1 1
git.sr.ht/~jamesponddotco/acopw-go/pin.go:59.3,59.40 1 1
git.sr.ht/~jamesponddotco/acopw-go/pin.go:62.2,62.40 1 1
git.sr.ht/~jamesponddotco/acopw-go/pin.go:66.34,67.19 1 1
git.sr.ht/~jamesponddotco/acopw-go/pin.go:67.19,69.3 1 1
git.sr.ht/~jamesponddotco/acopw-go/pin.go:71.2,71.20 1 1
git.sr.ht/~jamesponddotco/acopw-go/random.go:58.45,59.18 1 1
git.sr.ht/~jamesponddotco/acopw-go/random.go:59.18,61.3 1 1
git.sr.ht/~jamesponddotco/acopw-go/random.go:63.2,63.66 1 1
git.sr.ht/~jamesponddotco/acopw-go/random.go:63.66,68.3 4 1
git.sr.ht/~jamesponddotco/acopw-go/random.go:70.2,71.19 2 1
git.sr.ht/~jamesponddotco/acopw-go/random.go:71.19,73.3 1 1
git.sr.ht/~jamesponddotco/acopw-go/random.go:75.2,83.16 3 1
git.sr.ht/~jamesponddotco/acopw-go/random.go:83.16,85.3 1 1
git.sr.ht/~jamesponddotco/acopw-go/random.go:87.2,87.32 1 1
git.sr.ht/~jamesponddotco/acopw-go/random.go:87.32,90.20 2 1
git.sr.ht/~jamesponddotco/acopw-go/random.go:90.20,92.18 2 1
git.sr.ht/~jamesponddotco/acopw-go/random.go:92.18,94.5 1 1
git.sr.ht/~jamesponddotco/acopw-go/random.go:96.4,96.22 1 1
git.sr.ht/~jamesponddotco/acopw-go/random.go:99.3,99.45 1 1
git.sr.ht/~jamesponddotco/acopw-go/random.go:102.2,102.45 1 1
git.sr.ht/~jamesponddotco/acopw-go/random.go:106.35,107.19 1 1
git.sr.ht/~jamesponddotco/acopw-go/random.go:107.19,110.17 2 1
git.sr.ht/~jamesponddotco/acopw-go/random.go:110.17,112.4 1 1
git.sr.ht/~jamesponddotco/acopw-go/random.go:114.3,114.17 1 1
git.sr.ht/~jamesponddotco/acopw-go/random.go:114.17,116.4 1 1
git.sr.ht/~jamesponddotco/acopw-go/random.go:118.3,118.19 1 1
git.sr.ht/~jamesponddotco/acopw-go/random.go:118.19,120.4 1 1
git.sr.ht/~jamesponddotco/acopw-go/random.go:122.3,122.19 1 1
git.sr.ht/~jamesponddotco/acopw-go/random.go:122.19,124.4 1 1
git.sr.ht/~jamesponddotco/acopw-go/random.go:126.3,126.33 1 1
git.sr.ht/~jamesponddotco/acopw-go/random.go:126.33,127.47 1 1
git.sr.ht/~jamesponddotco/acopw-go/random.go:127.47,129.5 1 1
git.sr.ht/~jamesponddotco/acopw-go/random.go:132.3,132.22 1 1
git.sr.ht/~jamesponddotco/acopw-go/random.go:135.2,135.18 1 1
git.sr.ht/~jamesponddotco/acopw-go/random.go:139.37,140.19 1 1
git.sr.ht/~jamesponddotco/acopw-go/random.go:140.19,142.3 1 1
git.sr.ht/~jamesponddotco/acopw-go/random.go:144.2,144.20 1 1
git.sr.ht/~jamesponddotco/acopw-go/uuid.go:34.43,35.63 1 1
git.sr.ht/~jamesponddotco/acopw-go/uuid.go:35.63,37.3 1 1
git.sr.ht/~jamesponddotco/acopw-go/uuid.go:39.2,44.26 4 1
git.sr.ht/~jamesponddotco/acopw-go/uuid.go:44.26,45.44 1 1
git.sr.ht/~jamesponddotco/acopw-go/uuid.go:45.44,47.4 1 1
git.sr.ht/~jamesponddotco/acopw-go/uuid.go:49.3,49.76 1 1
git.sr.ht/~jamesponddotco/acopw-go/uuid.go:52.2,52.40 1 1
git.sr.ht/~jamesponddotco/acopw-go/uuid.go:56.35,57.19 1 1
git.sr.ht/~jamesponddotco/acopw-go/uuid.go:57.19,59.3 1 1
git.sr.ht/~jamesponddotco/acopw-go/uuid.go:61.2,61.20 1 1
