mode: set
git.sr.ht/~jamesponddotco/acopw-go/diceware.go:47.38,48.21 1 1
git.sr.ht/~jamesponddotco/acopw-go/diceware.go:48.21,51.62 2 1
git.sr.ht/~jamesponddotco/acopw-go/diceware.go:51.62,52.14 1 1
git.sr.ht/~jamesponddotco/acopw-go/diceware.go:55.3,55.47 1 1
git.sr.ht/~jamesponddotco/acopw-go/diceware.go:58.2,58.18 1 1
git.sr.ht/~jamesponddotco/acopw-go/diceware.go:58.18,60.3 1 1
git.sr.ht/~jamesponddotco/acopw-go/diceware.go:62.2,67.24 2 1
git.sr.ht/~jamesponddotco/acopw-go/diceware.go:67.24,69.3 1 1
git.sr.ht/~jamesponddotco/acopw-go/diceware.go:71.2,71.23 1 1
git.sr.ht/~jamesponddotco/acopw-go/diceware.go:71.23,75.3 2 1
git.sr.ht/~jamesponddotco/acopw-go/diceware.go:77.2,79.18 2 1
git.sr.ht/~jamesponddotco/acopw-go/diceware.go:79.18,81.3 1 1
git.sr.ht/~jamesponddotco/acopw-go/diceware.go:83.2,85.26 2 1
git.sr.ht/~jamesponddotco/acopw-go/diceware.go:85.26,89.27 3 1
git.sr.ht/~jamesponddotco/acopw-go/diceware.go:89.27,91.4 1 1
git.sr.ht/~jamesponddotco/acopw-go/diceware.go:93.3,93.30 1 1
git.sr.ht/~jamesponddotco/acopw-go/diceware.go:96.2,96.58 1 1
git.sr.ht/~jamesponddotco/acopw-go/pin.go:27.33,28.21 1 1
git.sr.ht/~jamesponddotco/acopw-go/pin.go:28.21,31.62 2 1
git.sr.ht/~jamesponddotco/acopw-go/pin.go:31.62,32.14 1 1
git.sr.ht/~jamesponddotco/acopw-go/pin.go:35.3,35.47 1 1
git.sr.ht/~jamesponddotco/acopw-go/pin.go:38.2,38.18 1 1
git.sr.ht/~jamesponddotco/acopw-go/pin.go:38.18,40.3 1 1
git.sr.ht/~jamesponddotco/acopw-go/pin.go:42.2,44.21 2 1
git.sr.ht/~jamesponddotco/acopw-go/pin.go:44.21,51.3 2 1
git.sr.ht/~jamesponddotco/acopw-go/pin.go:53.2,53.30 1 1
git.sr.ht/~jamesponddotco/acopw-go/random.go:47.36,48.21 1 1
git.sr.ht/~jamesponddotco/acopw-go/random.go:48.21,51.62 2 1
git.sr.ht/~jamesponddotco/acopw-go/random.go:51.62,52.14 1 1
git.sr.ht/~jamesponddotco/acopw-go/random.go:55.3,55.47 1 1
git.sr.ht/~jamesponddotco/acopw-go/random.go:58.2,58.18 1 1
git.sr.ht/~jamesponddotco/acopw-go/random.go:58.18,60.3 1 1
git.sr.ht/~jamesponddotco/acopw-go/random.go:62.2,62.66 1 1
git.sr.ht/~jamesponddotco/acopw-go/random.go:62.66,67.3 4 1
git.sr.ht/~jamesponddotco/acopw-go/random.go:69.2,71.23 2 1
git.sr.ht/~jamesponddotco/acopw-go/random.go:71.23,72.27 1 1
git.sr.ht/~jamesponddotco/acopw-go/random.go:75.2,77.21 2 1
git.sr.ht/~jamesponddotco/acopw-go/random.go:77.21,84.3 2 1
git.sr.ht/~jamesponddotco/acopw-go/random.go:86.2,86.35 1 1
git.sr.ht/~jamesponddotco/acopw-go/random.go:90.37,91.25 1 1
git.sr.ht/~jamesponddotco/acopw-go/random.go:91.25,94.17 2 1
git.sr.ht/~jamesponddotco/acopw-go/random.go:94.17,96.4 1 1
git.sr.ht/~jamesponddotco/acopw-go/random.go:98.3,98.17 1 1
git.sr.ht/~jamesponddotco/acopw-go/random.go:98.17,100.4 1 1
git.sr.ht/~jamesponddotco/acopw-go/random.go:102.3,102.19 1 1
git.sr.ht/~jamesponddotco/acopw-go/random.go:102.19,104.4 1 1
git.sr.ht/~jamesponddotco/acopw-go/random.go:106.3,106.19 1 1
git.sr.ht/~jamesponddotco/acopw-go/random.go:106.19,108.4 1 1
git.sr.ht/~jamesponddotco/acopw-go/random.go:110.3,110.33 1 1
git.sr.ht/~jamesponddotco/acopw-go/random.go:110.33,112.43 2 1
git.sr.ht/~jamesponddotco/acopw-go/random.go:112.43,114.5 1 1
git.sr.ht/~jamesponddotco/acopw-go/random.go:116.4,117.33 2 1
git.sr.ht/~jamesponddotco/acopw-go/random.go:117.33,118.29 1 1
git.sr.ht/~jamesponddotco/acopw-go/random.go:118.29,120.6 1 1
git.sr.ht/~jamesponddotco/acopw-go/random.go:123.4,123.29 1 1
git.sr.ht/~jamesponddotco/acopw-go/random.go:126.3,126.25 1 1
git.sr.ht/~jamesponddotco/acopw-go/random.go:129.2,129.21 1 1
